<?xml version="1.0" encoding="UTF-8"?>
<testsuite name="com.herokuapp.booker.cucumber.CucumberRunner" time="0.163" tests="20" errors="0" skipped="0" failures="0">
  <properties>
[...]
</properties>
  <testcase name="Given restful booker application is running" classname="| Dhyan | Kumar | 100 | true | 2022-01-07 | 2022-01-20 | Breakfast |" time="0"/>
  <testcase name="When When I create a new booking by providing the information firstName &quot;Dhyan&quot; lastName &quot;Kumar&quot; totalPrice &quot;100&quot; depositPaid &quot;true&quot;checkIn&quot;2022-01-07&quot;checkOut&quot;2022-01-20&quot;additionalNeeds&quot;Breakfast&quot;" classname="| Dhyan | Kumar | 100 | true | 2022-01-07 | 2022-01-20 | Breakfast |" time="0"/>
  <testcase name="Then I verify that the booking is created" classname="| Dhyan | Kumar | 100 | true | 2022-01-07 | 2022-01-20 | Breakfast |" time="0"/>
  <testcase name="And I update the booking with information firstName &quot;Dhyan&quot; lastName &quot;Kumar&quot; totalPrice &quot;100&quot; depositPaid &quot;true&quot;checkIn&quot;2022-01-07&quot;checkOut&quot;2022-01-20&quot;additionalNeeds&quot;Breakfast&quot;" classname="| Dhyan | Kumar | 100 | true | 2022-01-07 | 2022-01-20 | Breakfast |" time="0"/>
  <testcase name="And The user is updated successfully" classname="| Dhyan | Kumar | 100 | true | 2022-01-07 | 2022-01-20 | Breakfast |" time="0"/>
  <testcase name="And I delete the booking with userId" classname="| Dhyan | Kumar | 100 | true | 2022-01-07 | 2022-01-20 | Breakfast |" time="0"/>
  <testcase name="Then The user deleted successfully from the application" classname="| Dhyan | Kumar | 100 | true | 2022-01-07 | 2022-01-20 | Breakfast |" time="0"/>
  <testcase name="| Dhyan | Kumar | 100 | true | 2022-01-07 | 2022-01-20 | Breakfast |" classname="| Dhyan | Kumar | 100 | true | 2022-01-07 | 2022-01-20 | Breakfast |" time="0.064"/>
  <testcase name="When I send a POST request using a valid payload to booking application" classname="Scenario: verify if booking is created" time="0"/>
  <testcase name="Then I get a valid response code 200" classname="Scenario: verify if booking is created" time="0"/>
  <testcase name="Scenario: verify if booking is created" classname="Scenario: verify if booking is created" time="0.025"/>
  <testcase name="When I send GET request to booking application" classname="Scenario: Check if the user can do booking" time="0"/>
  <testcase name="Then I get a valid response code 200" classname="Scenario: Check if the user can do booking" time="0"/>
  <testcase name="Scenario: Check if the user can do booking" classname="Scenario: Check if the user can do booking" time="0.021"/>
  <testcase name="When I send PUT request to booking application" classname="Scenario: verify if user is updated" time="0"/>
  <testcase name="Then I get a valid response code 200" classname="Scenario: verify if user is updated" time="0"/>
  <testcase name="Scenario: verify if user is updated" classname="Scenario: verify if user is updated" time="0.028"/>
  <testcase name="When I send DELETE request to booking application" classname="Scenario: verify if user is Deleted" time="0"/>
  <testcase name="Then I get a valid response code for delete 201" classname="Scenario: verify if user is Deleted" time="0"/>
  <testcase name="Scenario: verify if user is Deleted" classname="Scenario: verify if user is Deleted" time="0.025"/>
</testsuite>